<?xml version="1.0" encoding="UTF-8"?>
<!-- Generated by org.testng.reporters.JUnitReportReporter -->
<testsuite skipped="0" hostname="Vikas-PC" name="org.tcs.DemoTest" tests="2" failures="0" timestamp="2022-02-22T09:49:25 IST" time="9.422" errors="0">
  <testcase name="flightTest" time="3.731" classname="org.tcs.DemoTest"/>
  <system-out/>
  <testcase name="flightTest" time="5.691" classname="org.tcs.DemoTest"/>
  <system-out/>
</testsuite> <!-- org.tcs.DemoTest -->
